app/build/intermediates/manifest_merge_blame_file/debug/manifest-merger-blame-debug-report.txt
1<?xml version="1.0" encoding="utf-8"?>
2<manifest xmlns:android="http://schemas.android.com/apk/res/android"
3    package="com.example.lab3"
4    android:versionCode="1"
5    android:versionName="1.0" >
6
7    <uses-sdk
8        android:minSdkVersion="22"
8-->src\main\AndroidManifest.xml
9        android:targetSdkVersion="32" />
9-->src\main\AndroidManifest.xml
10
11    <application
11-->src\main\AndroidManifest.xml:6:5-47:19
12        android:allowBackup="true"
12-->src\main\AndroidManifest.xml:7:9-35
13        android:appComponentFactory="androidx.core.app.CoreComponentFactory"
13-->[androidx.core:core:1.7.0] AndroidManifest.xml:24:18-86
14        android:dataExtractionRules="@xml/data_extraction_rules"
14-->src\main\AndroidManifest.xml:8:9-65
15        android:debuggable="true"
16        android:fullBackupContent="@xml/backup_rules"
16-->src\main\AndroidManifest.xml:9:9-54
17        android:icon="@mipmap/ic_launcher"
17-->src\main\AndroidManifest.xml:10:9-43
18        android:label="@string/app_name"
18-->src\main\AndroidManifest.xml:11:9-41
19        android:roundIcon="@mipmap/ic_launcher_round"
19-->src\main\AndroidManifest.xml:12:9-54
20        android:supportsRtl="true"
20-->src\main\AndroidManifest.xml:13:9-35
21        android:testOnly="true"
22        android:theme="@style/Theme.Lab3" >
22-->src\main\AndroidManifest.xml:14:9-42
23        <activity
23-->src\main\AndroidManifest.xml:16:9-18:40
24            android:name="com.example.lab3.IncorrectAnswerActivity"
24-->src\main\AndroidManifest.xml:17:13-52
25            android:exported="false" />
25-->src\main\AndroidManifest.xml:18:13-37
26        <activity
26-->src\main\AndroidManifest.xml:19:9-21:40
27            android:name="com.example.lab3.CorrectAnswerActivity"
27-->src\main\AndroidManifest.xml:20:13-50
28            android:exported="false" />
28-->src\main\AndroidManifest.xml:21:13-37
29        <activity
29-->src\main\AndroidManifest.xml:22:9-24:40
30            android:name="com.example.lab3.WrongAnswerActivity"
30-->src\main\AndroidManifest.xml:23:13-48
31            android:exported="false" />
31-->src\main\AndroidManifest.xml:24:13-37
32        <activity
32-->src\main\AndroidManifest.xml:25:9-27:40
33            android:name="com.example.lab3.RightAnswerActivity"
33-->src\main\AndroidManifest.xml:26:13-48
34            android:exported="false" />
34-->src\main\AndroidManifest.xml:27:13-37
35        <activity
35-->src\main\AndroidManifest.xml:28:9-30:40
36            android:name="com.example.lab3.WrittenQuestionActivity"
36-->src\main\AndroidManifest.xml:29:13-52
37            android:exported="false" />
37-->src\main\AndroidManifest.xml:30:13-37
38        <activity
38-->src\main\AndroidManifest.xml:31:9-33:40
39            android:name="com.example.lab3.VerticalListActivity"
39-->src\main\AndroidManifest.xml:32:13-49
40            android:exported="false" />
40-->src\main\AndroidManifest.xml:33:13-37
41        <activity
41-->src\main\AndroidManifest.xml:34:9-46:20
42            android:name="com.example.lab3.MainActivity"
42-->src\main\AndroidManifest.xml:35:13-41
43            android:exported="true" >
43-->src\main\AndroidManifest.xml:36:13-36
44            <intent-filter>
44-->src\main\AndroidManifest.xml:37:13-41:29
45                <action android:name="android.intent.action.MAIN" />
45-->src\main\AndroidManifest.xml:38:17-69
45-->src\main\AndroidManifest.xml:38:25-66
46
47                <category android:name="android.intent.category.LAUNCHER" />
47-->src\main\AndroidManifest.xml:40:17-77
47-->src\main\AndroidManifest.xml:40:27-74
48            </intent-filter>
49
50            <meta-data
50-->src\main\AndroidManifest.xml:43:13-45:36
51                android:name="android.app.lib_name"
51-->src\main\AndroidManifest.xml:44:17-52
52                android:value="" />
52-->src\main\AndroidManifest.xml:45:17-33
53        </activity>
54
55        <provider
55-->[androidx.emoji2:emoji2:1.0.0] AndroidManifest.xml:26:9-34:20
56            android:name="androidx.startup.InitializationProvider"
56-->[androidx.emoji2:emoji2:1.0.0] AndroidManifest.xml:27:13-67
57            android:authorities="com.example.lab3.androidx-startup"
57-->[androidx.emoji2:emoji2:1.0.0] AndroidManifest.xml:28:13-68
58            android:exported="false" >
58-->[androidx.emoji2:emoji2:1.0.0] AndroidManifest.xml:29:13-37
59            <meta-data
59-->[androidx.emoji2:emoji2:1.0.0] AndroidManifest.xml:31:13-33:52
60                android:name="androidx.emoji2.text.EmojiCompatInitializer"
60-->[androidx.emoji2:emoji2:1.0.0] AndroidManifest.xml:32:17-75
61                android:value="androidx.startup" />
61-->[androidx.emoji2:emoji2:1.0.0] AndroidManifest.xml:33:17-49
62            <meta-data
62-->[androidx.lifecycle:lifecycle-process:2.4.0] AndroidManifest.xml:31:13-33:52
63                android:name="androidx.lifecycle.ProcessLifecycleInitializer"
63-->[androidx.lifecycle:lifecycle-process:2.4.0] AndroidManifest.xml:32:17-78
64                android:value="androidx.startup" />
64-->[androidx.lifecycle:lifecycle-process:2.4.0] AndroidManifest.xml:33:17-49
65        </provider>
66    </application>
67
68</manifest>